Info: Using NativeLink to launch synthesis Tool
Info: Created script file precision_work/precision_compile.tcl -- launching Precision Synthesis synthesis tool
Error: Can't launch the Precision RTL Synthesis software. Specify the path to the location of the executables for the Precision RTL Synthesis software
Error: You can specify the path in the EDA Tool Options page of the Options dialog box or using the Tcl command set_user_option.
Error: Encountered error while running NativeLink synthesis script
Error: NativeLink flow failed to complete synthesis

================The following information is provided to Debug NativeLink Script=================
Nativelink TCL script failed with errorCode:  NONE
Nativelink TCL script failed with errorInfo:  
    while executing
"error ""  """
    invoked from within
"if [ catch {create_precision_script $output_dir} script_file  ] {
	    set savedCode $errorCode
	    set savedInfo $errorInfo
	    nl_postmsg error "E..."
    (procedure "launch_precision" line 35)
    invoked from within
"launch_precision "
PATH Environment Variable is set to :  c:\intelfpga_lite\19.1\quartus\bin64\;c:\intelfpga_lite\19.1\quartus\bin64\;C:\Python27\Scripts;C:\Program Files (x86)\Integrity\ILMClient11\bin;C:\Program Files (x86)\Common Files\Oracle\Java\javapath;C:\WINDOWS\system32;C:\WINDOWS;C:\WINDOWS\System32\Wbem;C:\WINDOWS\System32\WindowsPowerShell\v1.0\;C:\WINDOWS\System32\OpenSSH\;C:\Program Files\Intel\WiFi\bin\;C:\Program Files\Common Files\Intel\WirelessCommon\;C:\Program Files\MATLAB\R2019a\bin;C:\Program Files\Git\cmd;C:\Program Files\MATLAB\R2018a\runtime\win64;C:\Program Files\MATLAB\R2018a\bin;C:\Python27;C:\Program Files\MiKTeX 2.9\miktex\bin\x64\;C:\Program Files (x86)\LyX 2.3\Perl\bin;C:\Program Files\PuTTY\;C:\Program Files (x86)\Texas Instruments\Fusion Digital Power Designer\bin;C:\PROGRA~2\INTEGR~1\Toolkit\mksnt;C:\Program Files (x86)\IVI Foundation\VISA\WinNT\Bin\;C:\Program Files\IVI Foundation\VISA\Win64\Bin\;C:\Program Files (x86)\IVI Foundation\VISA\WinNT\Bin;C:\Program Files\doxygen\bin;C:\Users\sasa\AppData\Local\Microsoft\WindowsApps;C:\Python27;C:\Users\sasa\AppData\Local\atom\bin
